This is XeTeX, Version 3.14159265-2.6-0.99999 (MiKTeX 2.9.6840 64-bit) (preloaded format=xelatex 2018.10.19)  30 NOV 2018 20:57
entering extended mode
**./Net-PA.tex
(Net-PA.tex
LaTeX2e <2018-04-01> patch level 5

("C:\Users\DearUser\AppData\Local\Programs\MiKTeX 2.9\tex\latex\base\article.cl
s"
Document Class: article 2014/09/29 v1.4h Standard LaTeX document class
("C:\Users\DearUser\AppData\Local\Programs\MiKTeX 2.9\tex\latex\base\size10.clo
"
File: size10.clo 2014/09/29 v1.4h Standard LaTeX file (size option)
)
\c@part=\count80
\c@section=\count81
\c@subsection=\count82
\c@subsubsection=\count83
\c@paragraph=\count84
\c@subparagraph=\count85
\c@figure=\count86
\c@table=\count87
\abovecaptionskip=\skip41
\belowcaptionskip=\skip42
\bibindent=\dimen102
)
("C:\Users\DearUser\AppData\Local\Programs\MiKTeX 2.9\tex\latex\amsmath\amsmath
.sty"
Package: amsmath 2017/09/02 v2.17a AMS math features
\@mathmargin=\skip43

For additional information on amsmath, use the `?' option.

("C:\Users\DearUser\AppData\Local\Programs\MiKTeX 2.9\tex\latex\amsmath\amstext
.sty"
Package: amstext 2000/06/29 v2.01 AMS text

("C:\Users\DearUser\AppData\Local\Programs\MiKTeX 2.9\tex\latex\amsmath\amsgen.
sty"
File: amsgen.sty 1999/11/30 v2.0 generic functions
\@emptytoks=\toks14
\ex@=\dimen103
))
("C:\Users\DearUser\AppData\Local\Programs\MiKTeX 2.9\tex\latex\amsmath\amsbsy.
sty"
Package: amsbsy 1999/11/29 v1.2d Bold Symbols
\pmbraise@=\dimen104
)
("C:\Users\DearUser\AppData\Local\Programs\MiKTeX 2.9\tex\latex\amsmath\amsopn.
sty"
Package: amsopn 2016/03/08 v2.02 operator names
)
\inf@bad=\count88
LaTeX Info: Redefining \frac on input line 213.
\uproot@=\count89
\leftroot@=\count90
LaTeX Info: Redefining \overline on input line 375.
\classnum@=\count91
\DOTSCASE@=\count92
LaTeX Info: Redefining \ldots on input line 472.
LaTeX Info: Redefining \dots on input line 475.
LaTeX Info: Redefining \cdots on input line 596.
\Mathstrutbox@=\box26
\strutbox@=\box27
\big@size=\dimen105
LaTeX Font Info:    Redeclaring font encoding OML on input line 712.
LaTeX Font Info:    Redeclaring font encoding OMS on input line 713.
\macc@depth=\count93
\c@MaxMatrixCols=\count94
\dotsspace@=\muskip10
\c@parentequation=\count95
\dspbrk@lvl=\count96
\tag@help=\toks15
\row@=\count97
\column@=\count98
\maxfields@=\count99
\andhelp@=\toks16
\eqnshift@=\dimen106
\alignsep@=\dimen107
\tagshift@=\dimen108
\tagwidth@=\dimen109
\totwidth@=\dimen110
\lineht@=\dimen111
\@envbody=\toks17
\multlinegap=\skip44
\multlinetaggap=\skip45
\mathdisplay@stack=\toks18
LaTeX Info: Redefining \[ on input line 2817.
LaTeX Info: Redefining \] on input line 2818.
)
("C:\Users\DearUser\AppData\Local\Programs\MiKTeX 2.9\tex\latex\graphics\graphi
cx.sty"
Package: graphicx 2017/06/01 v1.1a Enhanced LaTeX Graphics (DPC,SPQR)

("C:\Users\DearUser\AppData\Local\Programs\MiKTeX 2.9\tex\latex\graphics\keyval
.sty"
Package: keyval 2014/10/28 v1.15 key=value parser (DPC)
\KV@toks@=\toks19
)
("C:\Users\DearUser\AppData\Local\Programs\MiKTeX 2.9\tex\latex\graphics\graphi
cs.sty"
Package: graphics 2017/06/25 v1.2c Standard LaTeX Graphics (DPC,SPQR)

("C:\Users\DearUser\AppData\Local\Programs\MiKTeX 2.9\tex\latex\graphics\trig.s
ty"
Package: trig 2016/01/03 v1.10 sin cos tan (DPC)
)
("C:\Users\DearUser\AppData\Local\Programs\MiKTeX 2.9\tex\latex\graphics-cfg\gr
aphics.cfg"
File: graphics.cfg 2016/06/04 v1.11 sample graphics configuration
)
Package graphics Info: Driver file: xetex.def on input line 99.

("C:\Users\DearUser\AppData\Local\Programs\MiKTeX 2.9\tex\latex\graphics-def\xe
tex.def"
File: xetex.def 2017/06/24 v5.0h Graphics/color driver for xetex
))
\Gin@req@height=\dimen112
\Gin@req@width=\dimen113
)
("C:\Users\DearUser\AppData\Local\Programs\MiKTeX 2.9\tex\latex\titlesec\titles
ec.sty"
Package: titlesec 2016/03/21 v2.10.2 Sectioning titles
\ttl@box=\box28
\beforetitleunit=\skip46
\aftertitleunit=\skip47
\ttl@plus=\dimen114
\ttl@minus=\dimen115
\ttl@toksa=\toks20
\titlewidth=\dimen116
\titlewidthlast=\dimen117
\titlewidthfirst=\dimen118
)
("C:\Users\DearUser\AppData\Local\Programs\MiKTeX 2.9\tex\latex\tools\verbatim.
sty"
Package: verbatim 2014/10/28 v1.5q LaTeX2e package for verbatim enhancements
\every@verbatim=\toks21
\verbatim@line=\toks22
\verbatim@in@stream=\read1
)
("C:\Users\DearUser\AppData\Local\Programs\MiKTeX 2.9\tex\latex\graphics\color.
sty"
Package: color 2016/07/10 v1.1e Standard LaTeX Color (DPC)

("C:\Users\DearUser\AppData\Local\Programs\MiKTeX 2.9\tex\latex\graphics-cfg\co
lor.cfg"
File: color.cfg 2016/01/02 v1.6 sample color configuration
)
Package color Info: Driver file: xetex.def on input line 147.
)
("C:\Users\DearUser\AppData\Local\Programs\MiKTeX 2.9\tex\latex\framed\framed.s
ty"
Package: framed 2011/10/22 v 0.96: framed or shaded text with page breaks
\OuterFrameSep=\skip48
\fb@frw=\dimen119
\fb@frh=\dimen120
\FrameRule=\dimen121
\FrameSep=\dimen122
)
("C:\Users\DearUser\AppData\Local\Programs\MiKTeX 2.9\tex\latex\hyperref\hyperr
ef.sty"
Package: hyperref 2018/09/30 v6.88a Hypertext links for LaTeX

("C:\Users\DearUser\AppData\Local\Programs\MiKTeX 2.9\tex\generic\oberdiek\hobs
ub-hyperref.sty"
Package: hobsub-hyperref 2016/05/16 v1.14 Bundle oberdiek, subset hyperref (HO)


("C:\Users\DearUser\AppData\Local\Programs\MiKTeX 2.9\tex\generic\oberdiek\hobs
ub-generic.sty"
Package: hobsub-generic 2016/05/16 v1.14 Bundle oberdiek, subset generic (HO)
Package: hobsub 2016/05/16 v1.14 Construct package bundles (HO)
Package: infwarerr 2016/05/16 v1.4 Providing info/warning/error messages (HO)
Package: ltxcmds 2016/05/16 v1.23 LaTeX kernel commands for general use (HO)
Package: ifluatex 2016/05/16 v1.4 Provides the ifluatex switch (HO)
Package ifluatex Info: LuaTeX not detected.
Package: ifvtex 2016/05/16 v1.6 Detect VTeX and its facilities (HO)
Package ifvtex Info: VTeX not detected.
Package: intcalc 2016/05/16 v1.2 Expandable calculations with integers (HO)
Package: ifpdf 2018/09/07 v3.3 Provides the ifpdf switch
Package: etexcmds 2016/05/16 v1.6 Avoid name clashes with e-TeX commands (HO)
Package etexcmds Info: Could not find \expanded.
(etexcmds)             That can mean that you are not using pdfTeX 1.50 or
(etexcmds)             that some package has redefined \expanded.
(etexcmds)             In the latter case, load this package earlier.
Package: kvsetkeys 2016/05/16 v1.17 Key value parser (HO)
Package: kvdefinekeys 2016/05/16 v1.4 Define keys (HO)
Package: pdftexcmds 2018/09/10 v0.29 Utility functions of pdfTeX for LuaTeX (HO
)
Package pdftexcmds Info: LuaTeX not detected.
Package pdftexcmds Info: pdfTeX >= 1.30 not detected.
Package pdftexcmds Info: \pdf@primitive is available.
Package pdftexcmds Info: \pdf@ifprimitive is available.
Package pdftexcmds Info: \pdfdraftmode not found.
Package: pdfescape 2016/05/16 v1.14 Implements pdfTeX's escape features (HO)
Package: bigintcalc 2016/05/16 v1.4 Expandable calculations on big integers (HO
)
Package: bitset 2016/05/16 v1.2 Handle bit-vector datatype (HO)
Package: uniquecounter 2016/05/16 v1.3 Provide unlimited unique counter (HO)
)
Package hobsub Info: Skipping package `hobsub' (already loaded).
Package: letltxmacro 2016/05/16 v1.5 Let assignment for LaTeX macros (HO)
Package: hopatch 2016/05/16 v1.3 Wrapper for package hooks (HO)
Package: xcolor-patch 2016/05/16 xcolor patch
Package: atveryend 2016/05/16 v1.9 Hooks at the very end of document (HO)
Package atveryend Info: \enddocument detected (standard20110627).
Package: atbegshi 2016/06/09 v1.18 At begin shipout hook (HO)
Package: refcount 2016/05/16 v3.5 Data extraction from label references (HO)
Package: hycolor 2016/05/16 v1.8 Color options for hyperref/bookmark (HO)
)
("C:\Users\DearUser\AppData\Local\Programs\MiKTeX 2.9\tex\generic\ifxetex\ifxet
ex.sty"
Package: ifxetex 2010/09/12 v0.6 Provides ifxetex conditional
)
("C:\Users\DearUser\AppData\Local\Programs\MiKTeX 2.9\tex\latex\oberdiek\auxhoo
k.sty"
Package: auxhook 2016/05/16 v1.4 Hooks for auxiliary files (HO)
)
("C:\Users\DearUser\AppData\Local\Programs\MiKTeX 2.9\tex\latex\oberdiek\kvopti
ons.sty"
Package: kvoptions 2016/05/16 v3.12 Key value format for package options (HO)
)
\@linkdim=\dimen123
\Hy@linkcounter=\count100
\Hy@pagecounter=\count101

("C:\Users\DearUser\AppData\Local\Programs\MiKTeX 2.9\tex\latex\hyperref\pd1enc
.def"
File: pd1enc.def 2018/09/30 v6.88a Hyperref: PDFDocEncoding definition (HO)
)
\Hy@SavedSpaceFactor=\count102

("C:\Users\DearUser\AppData\Local\Programs\MiKTeX 2.9\tex\latex\00miktex\hyperr
ef.cfg"
File: hyperref.cfg 2002/06/06 v1.2 hyperref configuration of TeXLive
)
Package hyperref Info: Hyper figures OFF on input line 4535.
Package hyperref Info: Link nesting OFF on input line 4540.
Package hyperref Info: Hyper index ON on input line 4543.
Package hyperref Info: Plain pages OFF on input line 4550.
Package hyperref Info: Backreferencing OFF on input line 4555.
Package hyperref Info: Implicit mode ON; LaTeX internals redefined.
Package hyperref Info: Bookmarks ON on input line 4788.
\c@Hy@tempcnt=\count103

("C:\Users\DearUser\AppData\Local\Programs\MiKTeX 2.9\tex\latex\url\url.sty"
\Urlmuskip=\muskip11
Package: url 2013/09/16  ver 3.4  Verb mode for urls, etc.
)
LaTeX Info: Redefining \url on input line 5141.
\XeTeXLinkMargin=\dimen124
\Fld@menulength=\count104
\Field@Width=\dimen125
\Fld@charsize=\dimen126
Package hyperref Info: Hyper figures OFF on input line 6396.
Package hyperref Info: Link nesting OFF on input line 6401.
Package hyperref Info: Hyper index ON on input line 6404.
Package hyperref Info: backreferencing OFF on input line 6411.
Package hyperref Info: Link coloring OFF on input line 6416.
Package hyperref Info: Link coloring with OCG OFF on input line 6421.
Package hyperref Info: PDF/A mode OFF on input line 6426.
LaTeX Info: Redefining \ref on input line 6466.
LaTeX Info: Redefining \pageref on input line 6470.
\Hy@abspage=\count105
\c@Item=\count106
\c@Hfootnote=\count107
)
Package hyperref Info: Driver (autodetected): hxetex.

("C:\Users\DearUser\AppData\Local\Programs\MiKTeX 2.9\tex\latex\hyperref\hxetex
.def"
File: hxetex.def 2018/09/30 v6.88a Hyperref driver for XeTeX

("C:\Users\DearUser\AppData\Local\Programs\MiKTeX 2.9\tex\latex\hyperref\puenc.
def"
File: puenc.def 2018/09/30 v6.88a Hyperref: PDF Unicode definition (HO)
)
("C:\Users\DearUser\AppData\Local\Programs\MiKTeX 2.9\tex\generic\oberdiek\stri
ngenc.sty"
Package: stringenc 2016/05/16 v1.11 Convert strings between diff. encodings (HO
)
)
\pdfm@box=\box29
\c@Hy@AnnotLevel=\count108
\HyField@AnnotCount=\count109
\Fld@listcount=\count110
\c@bookmark@seq@number=\count111

("C:\Users\DearUser\AppData\Local\Programs\MiKTeX 2.9\tex\latex\oberdiek\rerunf
ilecheck.sty"
Package: rerunfilecheck 2016/05/16 v1.8 Rerun checks for auxiliary files (HO)
Package uniquecounter Info: New unique counter `rerunfilecheck' on input line 2
82.
)
\Hy@SectionHShift=\skip49
) (HandoutTemplate.sty

LaTeX Warning: You have requested package `HandoutTemplate',
               but the package provides `LectureTemplate'.

Package: LectureTemplate 

("C:\Users\DearUser\AppData\Local\Programs\MiKTeX 2.9\tex\latex\setspace\setspa
ce.sty"
Package: setspace 2011/12/19 v6.7a set line spacing
)
("C:\Users\DearUser\AppData\Local\Programs\MiKTeX 2.9\tex\latex\amsfonts\amssym
b.sty"
Package: amssymb 2013/01/14 v3.01 AMS font symbols

("C:\Users\DearUser\AppData\Local\Programs\MiKTeX 2.9\tex\latex\amsfonts\amsfon
ts.sty"
Package: amsfonts 2013/01/14 v3.01 Basic AMSFonts support
\symAMSa=\mathgroup4
\symAMSb=\mathgroup5
LaTeX Font Info:    Overwriting math alphabet `\mathfrak' in version `bold'
(Font)                  U/euf/m/n --> U/euf/b/n on input line 106.
))
("C:\Users\DearUser\AppData\Local\Programs\MiKTeX 2.9\tex\latex\pgf\frontendlay
er\tikz.sty"
("C:\Users\DearUser\AppData\Local\Programs\MiKTeX 2.9\tex\latex\pgf\basiclayer\
pgf.sty"
("C:\Users\DearUser\AppData\Local\Programs\MiKTeX 2.9\tex\latex\pgf\utilities\p
gfrcs.sty"
("C:\Users\DearUser\AppData\Local\Programs\MiKTeX 2.9\tex\generic\pgf\utilities
\pgfutil-common.tex"
\pgfutil@everybye=\toks23
\pgfutil@tempdima=\dimen127
\pgfutil@tempdimb=\dimen128

("C:\Users\DearUser\AppData\Local\Programs\MiKTeX 2.9\tex\generic\pgf\utilities
\pgfutil-common-lists.tex"))
("C:\Users\DearUser\AppData\Local\Programs\MiKTeX 2.9\tex\generic\pgf\utilities
\pgfutil-latex.def"
\pgfutil@abb=\box30

("C:\Users\DearUser\AppData\Local\Programs\MiKTeX 2.9\tex\latex\ms\everyshi.sty
"
Package: everyshi 2001/05/15 v3.00 EveryShipout Package (MS)
))
("C:\Users\DearUser\AppData\Local\Programs\MiKTeX 2.9\tex\generic\pgf\utilities
\pgfrcs.code.tex"
Package: pgfrcs 2015/08/07 v3.0.1a (rcs-revision 1.31)
))
Package: pgf 2015/08/07 v3.0.1a (rcs-revision 1.15)

("C:\Users\DearUser\AppData\Local\Programs\MiKTeX 2.9\tex\latex\pgf\basiclayer\
pgfcore.sty"
("C:\Users\DearUser\AppData\Local\Programs\MiKTeX 2.9\tex\latex\pgf\systemlayer
\pgfsys.sty"
("C:\Users\DearUser\AppData\Local\Programs\MiKTeX 2.9\tex\generic\pgf\systemlay
er\pgfsys.code.tex"
Package: pgfsys 2014/07/09 v3.0.1a (rcs-revision 1.48)

("C:\Users\DearUser\AppData\Local\Programs\MiKTeX 2.9\tex\generic\pgf\utilities
\pgfkeys.code.tex"
\pgfkeys@pathtoks=\toks24
\pgfkeys@temptoks=\toks25

("C:\Users\DearUser\AppData\Local\Programs\MiKTeX 2.9\tex\generic\pgf\utilities
\pgfkeysfiltered.code.tex"
\pgfkeys@tmptoks=\toks26
))
\pgf@x=\dimen129
\pgf@y=\dimen130
\pgf@xa=\dimen131
\pgf@ya=\dimen132
\pgf@xb=\dimen133
\pgf@yb=\dimen134
\pgf@xc=\dimen135
\pgf@yc=\dimen136
\w@pgf@writea=\write3
\r@pgf@reada=\read2
\c@pgf@counta=\count112
\c@pgf@countb=\count113
\c@pgf@countc=\count114
\c@pgf@countd=\count115
\t@pgf@toka=\toks27
\t@pgf@tokb=\toks28
\t@pgf@tokc=\toks29

("C:\Users\DearUser\AppData\Local\Programs\MiKTeX 2.9\tex\generic\pgf\systemlay
er\pgf.cfg"
File: pgf.cfg 2008/05/14  (rcs-revision 1.7)
)
Driver file for pgf: pgfsys-xetex.def

("C:\Users\DearUser\AppData\Local\Programs\MiKTeX 2.9\tex\generic\pgf\systemlay
er\pgfsys-xetex.def"
File: pgfsys-xetex.def 2014/07/09  (rcs-revision 1.11)

("C:\Users\DearUser\AppData\Local\Programs\MiKTeX 2.9\tex\generic\pgf\systemlay
er\pgfsys-dvipdfmx.def"
File: pgfsys-dvipdfmx.def 2014/07/09  (rcs-revision 1.14)

("C:\Users\DearUser\AppData\Local\Programs\MiKTeX 2.9\tex\generic\pgf\systemlay
er\pgfsys-common-pdf.def"
File: pgfsys-common-pdf.def 2013/10/10  (rcs-revision 1.13)
)
\pgfsys@objnum=\count116
)))
("C:\Users\DearUser\AppData\Local\Programs\MiKTeX 2.9\tex\generic\pgf\systemlay
er\pgfsyssoftpath.code.tex"
File: pgfsyssoftpath.code.tex 2013/09/09  (rcs-revision 1.9)
\pgfsyssoftpath@smallbuffer@items=\count117
\pgfsyssoftpath@bigbuffer@items=\count118
)
("C:\Users\DearUser\AppData\Local\Programs\MiKTeX 2.9\tex\generic\pgf\systemlay
er\pgfsysprotocol.code.tex"
File: pgfsysprotocol.code.tex 2006/10/16  (rcs-revision 1.4)
))
("C:\Users\DearUser\AppData\Local\Programs\MiKTeX 2.9\tex\latex\xcolor\xcolor.s
ty"
Package: xcolor 2016/05/11 v2.12 LaTeX color extensions (UK)

("C:\Users\DearUser\AppData\Local\Programs\MiKTeX 2.9\tex\latex\graphics-cfg\co
lor.cfg"
File: color.cfg 2016/01/02 v1.6 sample color configuration
)
Package xcolor Info: Driver file: xetex.def on input line 225.
LaTeX Info: Redefining \color on input line 709.
Package xcolor Info: Model `cmy' substituted by `cmy0' on input line 1348.
Package xcolor Info: Model `RGB' extended on input line 1364.
Package xcolor Info: Model `HTML' substituted by `rgb' on input line 1366.
Package xcolor Info: Model `Hsb' substituted by `hsb' on input line 1367.
Package xcolor Info: Model `tHsb' substituted by `hsb' on input line 1368.
Package xcolor Info: Model `HSB' substituted by `hsb' on input line 1369.
Package xcolor Info: Model `Gray' substituted by `gray' on input line 1370.
Package xcolor Info: Model `wave' substituted by `hsb' on input line 1371.
)
("C:\Users\DearUser\AppData\Local\Programs\MiKTeX 2.9\tex\generic\pgf\basiclaye
r\pgfcore.code.tex"
Package: pgfcore 2010/04/11 v3.0.1a (rcs-revision 1.7)

("C:\Users\DearUser\AppData\Local\Programs\MiKTeX 2.9\tex\generic\pgf\math\pgfm
ath.code.tex"
("C:\Users\DearUser\AppData\Local\Programs\MiKTeX 2.9\tex\generic\pgf\math\pgfm
athcalc.code.tex"
("C:\Users\DearUser\AppData\Local\Programs\MiKTeX 2.9\tex\generic\pgf\math\pgfm
athutil.code.tex")
("C:\Users\DearUser\AppData\Local\Programs\MiKTeX 2.9\tex\generic\pgf\math\pgfm
athparser.code.tex"
\pgfmath@dimen=\dimen137
\pgfmath@count=\count119
\pgfmath@box=\box31
\pgfmath@toks=\toks30
\pgfmath@stack@operand=\toks31
\pgfmath@stack@operation=\toks32
)
("C:\Users\DearUser\AppData\Local\Programs\MiKTeX 2.9\tex\generic\pgf\math\pgfm
athfunctions.code.tex"
("C:\Users\DearUser\AppData\Local\Programs\MiKTeX 2.9\tex\generic\pgf\math\pgfm
athfunctions.basic.code.tex")
("C:\Users\DearUser\AppData\Local\Programs\MiKTeX 2.9\tex\generic\pgf\math\pgfm
athfunctions.trigonometric.code.tex")
("C:\Users\DearUser\AppData\Local\Programs\MiKTeX 2.9\tex\generic\pgf\math\pgfm
athfunctions.random.code.tex")
("C:\Users\DearUser\AppData\Local\Programs\MiKTeX 2.9\tex\generic\pgf\math\pgfm
athfunctions.comparison.code.tex")
("C:\Users\DearUser\AppData\Local\Programs\MiKTeX 2.9\tex\generic\pgf\math\pgfm
athfunctions.base.code.tex")
("C:\Users\DearUser\AppData\Local\Programs\MiKTeX 2.9\tex\generic\pgf\math\pgfm
athfunctions.round.code.tex")
("C:\Users\DearUser\AppData\Local\Programs\MiKTeX 2.9\tex\generic\pgf\math\pgfm
athfunctions.misc.code.tex")
("C:\Users\DearUser\AppData\Local\Programs\MiKTeX 2.9\tex\generic\pgf\math\pgfm
athfunctions.integerarithmetics.code.tex")))
("C:\Users\DearUser\AppData\Local\Programs\MiKTeX 2.9\tex\generic\pgf\math\pgfm
athfloat.code.tex"
\c@pgfmathroundto@lastzeros=\count120
))
("C:\Users\DearUser\AppData\Local\Programs\MiKTeX 2.9\tex\generic\pgf\basiclaye
r\pgfcorepoints.code.tex"
File: pgfcorepoints.code.tex 2013/10/07  (rcs-revision 1.27)
\pgf@picminx=\dimen138
\pgf@picmaxx=\dimen139
\pgf@picminy=\dimen140
\pgf@picmaxy=\dimen141
\pgf@pathminx=\dimen142
\pgf@pathmaxx=\dimen143
\pgf@pathminy=\dimen144
\pgf@pathmaxy=\dimen145
\pgf@xx=\dimen146
\pgf@xy=\dimen147
\pgf@yx=\dimen148
\pgf@yy=\dimen149
\pgf@zx=\dimen150
\pgf@zy=\dimen151
)
("C:\Users\DearUser\AppData\Local\Programs\MiKTeX 2.9\tex\generic\pgf\basiclaye
r\pgfcorepathconstruct.code.tex"
File: pgfcorepathconstruct.code.tex 2013/10/07  (rcs-revision 1.29)
\pgf@path@lastx=\dimen152
\pgf@path@lasty=\dimen153
)
("C:\Users\DearUser\AppData\Local\Programs\MiKTeX 2.9\tex\generic\pgf\basiclaye
r\pgfcorepathusage.code.tex"
File: pgfcorepathusage.code.tex 2014/11/02  (rcs-revision 1.24)
\pgf@shorten@end@additional=\dimen154
\pgf@shorten@start@additional=\dimen155
)
("C:\Users\DearUser\AppData\Local\Programs\MiKTeX 2.9\tex\generic\pgf\basiclaye
r\pgfcorescopes.code.tex"
File: pgfcorescopes.code.tex 2015/05/08  (rcs-revision 1.46)
\pgfpic=\box32
\pgf@hbox=\box33
\pgf@layerbox@main=\box34
\pgf@picture@serial@count=\count121
)
("C:\Users\DearUser\AppData\Local\Programs\MiKTeX 2.9\tex\generic\pgf\basiclaye
r\pgfcoregraphicstate.code.tex"
File: pgfcoregraphicstate.code.tex 2014/11/02  (rcs-revision 1.12)
\pgflinewidth=\dimen156
)
("C:\Users\DearUser\AppData\Local\Programs\MiKTeX 2.9\tex\generic\pgf\basiclaye
r\pgfcoretransformations.code.tex"
File: pgfcoretransformations.code.tex 2015/08/07  (rcs-revision 1.20)
\pgf@pt@x=\dimen157
\pgf@pt@y=\dimen158
\pgf@pt@temp=\dimen159
)
("C:\Users\DearUser\AppData\Local\Programs\MiKTeX 2.9\tex\generic\pgf\basiclaye
r\pgfcorequick.code.tex"
File: pgfcorequick.code.tex 2008/10/09  (rcs-revision 1.3)
)
("C:\Users\DearUser\AppData\Local\Programs\MiKTeX 2.9\tex\generic\pgf\basiclaye
r\pgfcoreobjects.code.tex"
File: pgfcoreobjects.code.tex 2006/10/11  (rcs-revision 1.2)
)
("C:\Users\DearUser\AppData\Local\Programs\MiKTeX 2.9\tex\generic\pgf\basiclaye
r\pgfcorepathprocessing.code.tex"
File: pgfcorepathprocessing.code.tex 2013/09/09  (rcs-revision 1.9)
)
("C:\Users\DearUser\AppData\Local\Programs\MiKTeX 2.9\tex\generic\pgf\basiclaye
r\pgfcorearrows.code.tex"
File: pgfcorearrows.code.tex 2015/05/14  (rcs-revision 1.43)
\pgfarrowsep=\dimen160
)
("C:\Users\DearUser\AppData\Local\Programs\MiKTeX 2.9\tex\generic\pgf\basiclaye
r\pgfcoreshade.code.tex"
File: pgfcoreshade.code.tex 2013/07/15  (rcs-revision 1.15)
\pgf@max=\dimen161
\pgf@sys@shading@range@num=\count122
)
("C:\Users\DearUser\AppData\Local\Programs\MiKTeX 2.9\tex\generic\pgf\basiclaye
r\pgfcoreimage.code.tex"
File: pgfcoreimage.code.tex 2013/07/15  (rcs-revision 1.18)

("C:\Users\DearUser\AppData\Local\Programs\MiKTeX 2.9\tex\generic\pgf\basiclaye
r\pgfcoreexternal.code.tex"
File: pgfcoreexternal.code.tex 2014/07/09  (rcs-revision 1.21)
\pgfexternal@startupbox=\box35
))
("C:\Users\DearUser\AppData\Local\Programs\MiKTeX 2.9\tex\generic\pgf\basiclaye
r\pgfcorelayers.code.tex"
File: pgfcorelayers.code.tex 2013/07/18  (rcs-revision 1.7)
)
("C:\Users\DearUser\AppData\Local\Programs\MiKTeX 2.9\tex\generic\pgf\basiclaye
r\pgfcoretransparency.code.tex"
File: pgfcoretransparency.code.tex 2013/09/30  (rcs-revision 1.5)
)
("C:\Users\DearUser\AppData\Local\Programs\MiKTeX 2.9\tex\generic\pgf\basiclaye
r\pgfcorepatterns.code.tex"
File: pgfcorepatterns.code.tex 2013/11/07  (rcs-revision 1.5)
)))
("C:\Users\DearUser\AppData\Local\Programs\MiKTeX 2.9\tex\generic\pgf\modules\p
gfmoduleshapes.code.tex"
File: pgfmoduleshapes.code.tex 2014/03/21  (rcs-revision 1.35)
\pgfnodeparttextbox=\box36
)
("C:\Users\DearUser\AppData\Local\Programs\MiKTeX 2.9\tex\generic\pgf\modules\p
gfmoduleplot.code.tex"
File: pgfmoduleplot.code.tex 2015/08/03  (rcs-revision 1.13)
)
("C:\Users\DearUser\AppData\Local\Programs\MiKTeX 2.9\tex\latex\pgf\compatibili
ty\pgfcomp-version-0-65.sty"
Package: pgfcomp-version-0-65 2007/07/03 v3.0.1a (rcs-revision 1.7)
\pgf@nodesepstart=\dimen162
\pgf@nodesepend=\dimen163
)
("C:\Users\DearUser\AppData\Local\Programs\MiKTeX 2.9\tex\latex\pgf\compatibili
ty\pgfcomp-version-1-18.sty"
Package: pgfcomp-version-1-18 2007/07/23 v3.0.1a (rcs-revision 1.1)
))
("C:\Users\DearUser\AppData\Local\Programs\MiKTeX 2.9\tex\latex\pgf\utilities\p
gffor.sty"
("C:\Users\DearUser\AppData\Local\Programs\MiKTeX 2.9\tex\latex\pgf\utilities\p
gfkeys.sty"
("C:\Users\DearUser\AppData\Local\Programs\MiKTeX 2.9\tex\generic\pgf\utilities
\pgfkeys.code.tex"))
("C:\Users\DearUser\AppData\Local\Programs\MiKTeX 2.9\tex\latex\pgf\math\pgfmat
h.sty"
("C:\Users\DearUser\AppData\Local\Programs\MiKTeX 2.9\tex\generic\pgf\math\pgfm
ath.code.tex"))
("C:\Users\DearUser\AppData\Local\Programs\MiKTeX 2.9\tex\generic\pgf\utilities
\pgffor.code.tex"
Package: pgffor 2013/12/13 v3.0.1a (rcs-revision 1.25)

("C:\Users\DearUser\AppData\Local\Programs\MiKTeX 2.9\tex\generic\pgf\math\pgfm
ath.code.tex")
\pgffor@iter=\dimen164
\pgffor@skip=\dimen165
\pgffor@stack=\toks33
\pgffor@toks=\toks34
))
("C:\Users\DearUser\AppData\Local\Programs\MiKTeX 2.9\tex\generic\pgf\frontendl
ayer\tikz\tikz.code.tex"
Package: tikz 2015/08/07 v3.0.1a (rcs-revision 1.151)

("C:\Users\DearUser\AppData\Local\Programs\MiKTeX 2.9\tex\generic\pgf\libraries
\pgflibraryplothandlers.code.tex"
File: pgflibraryplothandlers.code.tex 2013/08/31 v3.0.1a (rcs-revision 1.20)
\pgf@plot@mark@count=\count123
\pgfplotmarksize=\dimen166
)
\tikz@lastx=\dimen167
\tikz@lasty=\dimen168
\tikz@lastxsaved=\dimen169
\tikz@lastysaved=\dimen170
\tikzleveldistance=\dimen171
\tikzsiblingdistance=\dimen172
\tikz@figbox=\box37
\tikz@figbox@bg=\box38
\tikz@tempbox=\box39
\tikz@tempbox@bg=\box40
\tikztreelevel=\count124
\tikznumberofchildren=\count125
\tikznumberofcurrentchild=\count126
\tikz@fig@count=\count127

("C:\Users\DearUser\AppData\Local\Programs\MiKTeX 2.9\tex\generic\pgf\modules\p
gfmodulematrix.code.tex"
File: pgfmodulematrix.code.tex 2013/09/17  (rcs-revision 1.8)
\pgfmatrixcurrentrow=\count128
\pgfmatrixcurrentcolumn=\count129
\pgf@matrix@numberofcolumns=\count130
)
\tikz@expandcount=\count131

("C:\Users\DearUser\AppData\Local\Programs\MiKTeX 2.9\tex\generic\pgf\frontendl
ayer\tikz\libraries\tikzlibrarytopaths.code.tex"
File: tikzlibrarytopaths.code.tex 2008/06/17 v3.0.1a (rcs-revision 1.2)
)))
("C:\Users\DearUser\AppData\Local\Programs\MiKTeX 2.9\tex\xelatex\xepersian\xep
ersian.sty"
Package: xepersian 2018/10/08 v21.7 Persian typesetting in XeLaTeX

("C:\Users\DearUser\AppData\Local\Programs\MiKTeX 2.9\tex\latex\fontspec\fontsp
ec.sty"
("C:\Users\DearUser\AppData\Local\Programs\MiKTeX 2.9\tex\latex\l3packages\xpar
se\xparse.sty"
("C:\Users\DearUser\AppData\Local\Programs\MiKTeX 2.9\tex\latex\l3kernel\expl3.
sty"
Package: expl3 2018-10-17 L3 programming layer (loader) 

("C:\Users\DearUser\AppData\Local\Programs\MiKTeX 2.9\tex\latex\l3kernel\expl3-
code.tex"
Package: expl3 2018-10-17 L3 programming layer (code)
\c_max_int=\count132
\l_tmpa_int=\count133
\l_tmpb_int=\count134
\g_tmpa_int=\count135
\g_tmpb_int=\count136
\g__kernel_prg_map_int=\count137
\c_log_iow=\count138
\l_iow_line_count_int=\count139
\l__iow_line_target_int=\count140
\l__iow_one_indent_int=\count141
\l__iow_indent_int=\count142
\c_zero_dim=\dimen173
\c_max_dim=\dimen174
\l_tmpa_dim=\dimen175
\l_tmpb_dim=\dimen176
\g_tmpa_dim=\dimen177
\g_tmpb_dim=\dimen178
\c_zero_skip=\skip50
\c_max_skip=\skip51
\l_tmpa_skip=\skip52
\l_tmpb_skip=\skip53
\g_tmpa_skip=\skip54
\g_tmpb_skip=\skip55
\c_zero_muskip=\muskip12
\c_max_muskip=\muskip13
\l_tmpa_muskip=\muskip14
\l_tmpb_muskip=\muskip15
\g_tmpa_muskip=\muskip16
\g_tmpb_muskip=\muskip17
\l_keys_choice_int=\count143
\l__intarray_loop_int=\count144
\c__intarray_sp_dim=\dimen179
\g__intarray_font_int=\count145
\c__fp_leading_shift_int=\count146
\c__fp_middle_shift_int=\count147
\c__fp_trailing_shift_int=\count148
\c__fp_big_leading_shift_int=\count149
\c__fp_big_middle_shift_int=\count150
\c__fp_big_trailing_shift_int=\count151
\c__fp_Bigg_leading_shift_int=\count152
\c__fp_Bigg_middle_shift_int=\count153
\c__fp_Bigg_trailing_shift_int=\count154
\g__fp_array_int=\count155
\l__fp_array_loop_int=\count156
\l__sort_length_int=\count157
\l__sort_min_int=\count158
\l__sort_top_int=\count159
\l__sort_max_int=\count160
\l__sort_true_max_int=\count161
\l__sort_block_int=\count162
\l__sort_begin_int=\count163
\l__sort_end_int=\count164
\l__sort_A_int=\count165
\l__sort_B_int=\count166
\l__sort_C_int=\count167
\l__tl_analysis_normal_int=\count168
\l__tl_analysis_index_int=\count169
\l__tl_analysis_nesting_int=\count170
\l__tl_analysis_type_int=\count171
\l__regex_internal_a_int=\count172
\l__regex_internal_b_int=\count173
\l__regex_internal_c_int=\count174
\l__regex_balance_int=\count175
\l__regex_group_level_int=\count176
\l__regex_mode_int=\count177
\c__regex_cs_in_class_mode_int=\count178
\c__regex_cs_mode_int=\count179
\l__regex_catcodes_int=\count180
\l__regex_default_catcodes_int=\count181
\c__regex_catcode_L_int=\count182
\c__regex_catcode_O_int=\count183
\c__regex_catcode_A_int=\count184
\c__regex_all_catcodes_int=\count185
\l__regex_show_lines_int=\count186
\l__regex_min_state_int=\count187
\l__regex_max_state_int=\count188
\l__regex_left_state_int=\count189
\l__regex_right_state_int=\count190
\l__regex_capturing_group_int=\count191
\l__regex_min_pos_int=\count192
\l__regex_max_pos_int=\count193
\l__regex_curr_pos_int=\count194
\l__regex_start_pos_int=\count195
\l__regex_success_pos_int=\count196
\l__regex_curr_char_int=\count197
\l__regex_curr_catcode_int=\count198
\l__regex_last_char_int=\count199
\l__regex_case_changed_char_int=\count266
\l__regex_curr_state_int=\count267
\l__regex_step_int=\count268
\l__regex_min_active_int=\count269
\l__regex_max_active_int=\count270
\l__regex_replacement_csnames_int=\count271
\l__regex_match_count_int=\count272
\l__regex_min_submatch_int=\count273
\l__regex_submatch_int=\count274
\l__regex_zeroth_submatch_int=\count275
\g__regex_trace_regex_int=\count276
\c_empty_box=\box41
\l_tmpa_box=\box42
\l_tmpb_box=\box43
\g_tmpa_box=\box44
\g_tmpb_box=\box45
\l__box_top_dim=\dimen180
\l__box_bottom_dim=\dimen181
\l__box_left_dim=\dimen182
\l__box_right_dim=\dimen183
\l__box_top_new_dim=\dimen184
\l__box_bottom_new_dim=\dimen185
\l__box_left_new_dim=\dimen186
\l__box_right_new_dim=\dimen187
\l__box_internal_box=\box46
\l__coffin_internal_box=\box47
\l__coffin_internal_dim=\dimen188
\l__coffin_offset_x_dim=\dimen189
\l__coffin_offset_y_dim=\dimen190
\l__coffin_x_dim=\dimen191
\l__coffin_y_dim=\dimen192
\l__coffin_x_prime_dim=\dimen193
\l__coffin_y_prime_dim=\dimen194
\c_empty_coffin=\box48
\l__coffin_aligned_coffin=\box49
\l__coffin_aligned_internal_coffin=\box50
\l_tmpa_coffin=\box51
\l_tmpb_coffin=\box52
\l__coffin_display_coffin=\box53
\l__coffin_display_coord_coffin=\box54
\l__coffin_display_pole_coffin=\box55
\l__coffin_display_offset_dim=\dimen195
\l__coffin_display_x_dim=\dimen196
\l__coffin_display_y_dim=\dimen197
\g__file_internal_ior=\read3
\l__coffin_bounding_shift_dim=\dimen198
\l__coffin_left_corner_dim=\dimen199
\l__coffin_right_corner_dim=\dimen256
\l__coffin_bottom_corner_dim=\dimen257
\l__coffin_top_corner_dim=\dimen258
\l__coffin_scaled_total_height_dim=\dimen259
\l__coffin_scaled_width_dim=\dimen260
)
("C:\Users\DearUser\AppData\Local\Programs\MiKTeX 2.9\tex\latex\l3kernel\l3xdvi
pdfmx.def"
File: l3xdvidpfmx.def 2018-10-17 v L3 Experimental driver: xdvipdfmx
\g__driver_image_int=\count277
\g__driver_pdf_object_int=\count278
))
Package: xparse 2018-10-17 L3 Experimental document command parser
\l__xparse_current_arg_int=\count279
\g__xparse_grabber_int=\count280
\l__xparse_m_args_int=\count281
\l__xparse_mandatory_args_int=\count282
\l__xparse_v_nesting_int=\count283
)
Package: fontspec 2018/07/30 vv2.6h Font selection for XeLaTeX and LuaLaTeX

("C:\Users\DearUser\AppData\Local\Programs\MiKTeX 2.9\tex\latex\fontspec\fontsp
ec-xetex.sty"
Package: fontspec-xetex 2018/07/30 vv2.6h Font selection for XeLaTeX and LuaLaT
eX
\l__fontspec_script_int=\count284
\l__fontspec_language_int=\count285
\l__fontspec_strnum_int=\count286
\l__fontspec_tmp_int=\count287
\l__fontspec_em_int=\count288
\l__fontspec_emdef_int=\count289
\l__fontspec_strong_int=\count290
\l__fontspec_strongdef_int=\count291
\l__fontspec_tmpa_dim=\dimen261
\l__fontspec_tmpb_dim=\dimen262
\l__fontspec_tmpc_dim=\dimen263

("C:\Users\DearUser\AppData\Local\Programs\MiKTeX 2.9\tex\latex\base\fontenc.st
y"
Package: fontenc 2017/04/05 v2.0i Standard LaTeX package

("C:\Users\DearUser\AppData\Local\Programs\MiKTeX 2.9\tex\latex\base\tuenc.def"
File: tuenc.def 2017/04/05 v2.0i Standard LaTeX file
LaTeX Font Info:    Redeclaring font encoding TU on input line 82.
))
("C:\Users\DearUser\AppData\Local\Programs\MiKTeX 2.9\tex\latex\fontspec\fontsp
ec.cfg")
LaTeX Info: Redefining \itshape on input line 3910.
LaTeX Info: Redefining \slshape on input line 3915.
LaTeX Info: Redefining \scshape on input line 3920.
LaTeX Info: Redefining \upshape on input line 3925.
LaTeX Info: Redefining \em on input line 3955.
LaTeX Info: Redefining \emph on input line 3980.
LaTeX Info: Redefining \- on input line 4034.
))
("C:\Users\DearUser\AppData\Local\Programs\MiKTeX 2.9\tex\xelatex\xepersian\xep
ersian-persiancal.sty"
Package: xepersian-persiancal 2012/07/25 v0.2 provides Persian calendar
\XePersian@i=\count292
\XePersian@y=\count293
\XePersian@m=\count294
\XePersian@d=\count295
\XePersian@latini=\count296
\XePersian@persiani=\count297
\XePersian@latinii=\count298
\XePersian@persianii=\count299
\XePersian@latiniii=\count300
\XePersian@persianiii=\count301
\XePersian@latiniv=\count302
\XePersian@persianiv=\count303
\XePersian@latinv=\count304
\XePersian@persianv=\count305
\XePersian@latinvi=\count306
\XePersian@persianvi=\count307
\XePersian@latinvii=\count308
\XePersian@persianvii=\count309
\XePersian@latinviii=\count310
\XePersian@persianviii=\count311
\XePersian@latinix=\count312
\XePersian@persianix=\count313
\XePersian@latinx=\count314
\XePersian@persianx=\count315
\XePersian@latinxi=\count316
\XePersian@persianxi=\count317
\XePersian@latinxii=\count318
\XePersian@persianxii=\count319
\XePersian@persianxiii=\count320
\XePersian@temp=\count321
\XePersian@temptwo=\count322
\XePersian@tempthree=\count323
\XePersian@yModHundred=\count324
\XePersian@thirtytwo=\count325
\XePersian@dn=\count326
\XePersian@sn=\count327
\XePersian@mminusone=\count328
)
("C:\Users\DearUser\AppData\Local\Programs\MiKTeX 2.9\tex\xelatex\xepersian\xep
ersian-mathsdigitspec.sty"
Package: xepersian-mathsdigitspec 2018/01/01 v1.1.5 Unicode Persian maths digit
s in XeLaTeX
)
("C:\Users\DearUser\AppData\Local\Programs\MiKTeX 2.9\tex\xelatex\bidi\bidi.sty
"
Package: bidi 2018/10/01 v34.1 Bidirectional typesetting in plain TeX and LaTeX


****************************************************
* 
* bidi package (Bidirectional typesetting in
* plain TeX and LaTeX, using XeTeX engine)
* 
* Description: A convenient interface for
* typesetting bidirectional texts in plain TeX
* and LaTeX. The package includes adaptations
* for use with many other commonly-used packages.
* 
* Copyright (c) 2009--2018 Vafa Khalighi
* 
* v34.1, 2018/10/01
* 
* License: LaTeX Project Public License, version
* 1.3c or higher (your choice)
* 
* Location on CTAN: /macros/xetex/latex/bidi
* 
* Issue tracker: https://sourceforge.net/p/persian-tex-dist/tickets
* 
* Support: http://tug.org/mailman/listinfo/persiantex
* 
****************************************************
("C:\Users\DearUser\AppData\Local\Programs\MiKTeX 2.9\tex\latex\iftex\iftex.sty
"
Package: iftex 2013/04/04 v0.2 Provides if(tex) conditional for PDFTeX, XeTeX, 
and LuaTeX
)
("C:\Users\DearUser\AppData\Local\Programs\MiKTeX 2.9\tex\xelatex\bidi\biditool
s.sty"
Package: biditools 2018/02/22 v1.4 Programming tools for bidi package
\@bidi@envbody=\toks35
\@bidi@emptytoks=\toks36
\bidi@tempcountb=\count329
\bidi@temptoksa=\toks37
\bidi@temptoksb=\toks38
\bidi@dummies=\count330
\bidi@are@these@correct=\toks39
\bidi@toks@lista=\toks40
\bidi@toks@listb=\toks41
\bidi@stack@length=\count331
\bidi@empty@stack=\toks42
\bidi@looprepeat@depth=\count332
)
("C:\Users\DearUser\AppData\Local\Programs\MiKTeX 2.9\tex\latex\oberdiek\zref-a
bspage.sty"
Package: zref-abspage 2016/05/21 v2.26 Module abspage for zref (HO)

("C:\Users\DearUser\AppData\Local\Programs\MiKTeX 2.9\tex\latex\oberdiek\zref-b
ase.sty"
Package: zref-base 2016/05/21 v2.26 Module base for zref (HO)
Package zref Info: New property list: main on input line 759.
Package zref Info: New property: default on input line 760.
Package zref Info: New property: page on input line 761.
)
\c@abspage=\count333
Package zref Info: New property: abspage on input line 62.
)
("C:\Users\DearUser\AppData\Local\Programs\MiKTeX 2.9\tex\latex\xkeyval\xkeyval
.sty"
Package: xkeyval 2014/12/03 v2.7a package option processing (HA)

("C:\Users\DearUser\AppData\Local\Programs\MiKTeX 2.9\tex\generic\xkeyval\xkeyv
al.tex"
("C:\Users\DearUser\AppData\Local\Programs\MiKTeX 2.9\tex\generic\xkeyval\xkvut
ils.tex"
\XKV@toks=\toks43
\XKV@tempa@toks=\toks44
)
\XKV@depth=\count334
File: xkeyval.tex 2014/12/03 v2.7a key=value parser (HA)
))
\@bidi@copyins@=\insert252

("C:\Users\DearUser\AppData\Local\Programs\MiKTeX 2.9\tex\xelatex\bidi\latex-xe
tex-bidi.def"
File: latex-xetex-bidi.def 2018/09/23 v1.3.5 bidi adaptations for `latex.ltx' f
or XeTeX engine
\bidi@n@everypar=\toks45
\bidi@column@check@number=\count335

("C:\Users\DearUser\AppData\Local\Programs\MiKTeX 2.9\tex\xelatex\bidi\footnote
-xetex-bidi.def"
File: footnote-xetex-bidi.def 2017/08/09 v1.1 bidi footnote macros for XeTeX en
gine
\c@footdir@label=\count336
\footdir@toks=\toks46
)
("C:\Users\DearUser\AppData\Local\Programs\MiKTeX 2.9\tex\xelatex\bidi\article-
xetex-bidi.def"
File: article-xetex-bidi.def 2017/06/09 v0.6 bidi adaptations for standard arti
cle class for XeTeX engine
)
("C:\Users\DearUser\AppData\Local\Programs\MiKTeX 2.9\tex\xelatex\bidi\amsmath-
xetex-bidi.def"
File: amsmath-xetex-bidi.def 2018/01/08 v1.1 bidi adaptations for amsmath packa
ge for XeTeX engine
)
("C:\Users\DearUser\AppData\Local\Programs\MiKTeX 2.9\tex\xelatex\bidi\amstext-
xetex-bidi.def"
File: amstext-xetex-bidi.def 2016/09/12 v0.2 bidi adaptations for amstext packa
ge for XeTeX engine
)
("C:\Users\DearUser\AppData\Local\Programs\MiKTeX 2.9\tex\xelatex\bidi\color-xe
tex-bidi.def"
File: color-xetex-bidi.def 2013/04/08 v0.2 bidi adaptations for color package f
or XeTeX engine
LaTeX Info: Redefining \color on input line 46.
)
("C:\Users\DearUser\AppData\Local\Programs\MiKTeX 2.9\tex\xelatex\bidi\xcolor-x
etex-bidi.def"
File: xcolor-xetex-bidi.def 2013/04/08 v0.2 bidi adaptations for xcolor package
 for XeTeX engine
LaTeX Info: Redefining \color on input line 45.
LaTeX Info: Redefining \bidicolor on input line 88.
)
("C:\Users\DearUser\AppData\Local\Programs\MiKTeX 2.9\tex\xelatex\bidi\graphicx
-xetex-bidi.def"
File: graphicx-xetex-bidi.def 2017/06/17 v0.5 bidi adaptations for graphicx pac
kage for XeTeX engine
)
("C:\Users\DearUser\AppData\Local\Programs\MiKTeX 2.9\tex\xelatex\bidi\hyperref
-xetex-bidi.def"
File: hyperref-xetex-bidi.def 2017/08/09 v1.0 bidi adaptations for hyperref pac
kage for XeTeX engine
)
("C:\Users\DearUser\AppData\Local\Programs\MiKTeX 2.9\tex\xelatex\bidi\framed-x
etex-bidi.def"
File: framed-xetex-bidi.def 2012/06/05 v0.3 bidi adaptations for framed package
 for XeTeX engine
)
("C:\Users\DearUser\AppData\Local\Programs\MiKTeX 2.9\tex\xelatex\bidi\pgfcores
copes.code-xetex-bidi.def"
File: pgfcorescopes.code-xetex-bidi.def 2015/11/14 v0.1 bidi adaptations for pg
f package for XeTeX engine
)
("C:\Users\DearUser\AppData\Local\Programs\MiKTeX 2.9\tex\xelatex\bidi\titlesec
-xetex-bidi.def"
File: titlesec-xetex-bidi.def 2010/07/25 v0.1 bidi adaptations for titlesec pac
kage for XeTeX engine
))
("C:\Users\DearUser\AppData\Local\Programs\MiKTeX 2.9\tex\xelatex\bidi\loadingo
rder-xetex-bidi.def"
File: loadingorder-xetex-bidi.def 2017/12/29 v0.97 making sure that bidi is the
 last package loaded
)
\bidi@digits=\count337
\bidi@digits@charclass=\XeTeXcharclass1
\bidi@sepmark@charclass=\XeTeXcharclass2
)
****************************************************
* 
* xepersian package (Persian for LaTeX, using XeTeX engine)
* 
* Description: The package supports Persian
* typesetting, using fonts provided in the
* distribution.
* 
* Copyright (c) 2008--2018 Vafa Khalighi
* 
* v21.7, 2018/10/08
* 
* License: LaTeX Project Public License, version
* 1.3c or higher (your choice)
* 
* Location on CTAN: /macros/xetex/latex/xepersian
* 
* Issue tracker: https://sourceforge.net/p/persian-tex-dist/tickets
* 
* Support: http://tug.org/mailman/listinfo/persiantex
* 
****************************************************
\xepersian@tcl=\count338
\xepersian@ilg=\dimen264
\xepersian@strutilg=\dimen265

("C:\Users\DearUser\AppData\Local\Programs\MiKTeX 2.9\tex\xelatex\xepersian\loa
dingorder-xepersian.def"
File: loadingorder-xepersian.def 2018/09/29 v0.5 making sure that xepersian is 
the last package loaded
)
("C:\Users\DearUser\AppData\Local\Programs\MiKTeX 2.9\tex\xelatex\xepersian\foo
tnote-xepersian.def"
File: footnote-xepersian.def 2017/08/09 v0.6 footnote macros for xepersian pack
age
)
("C:\Users\DearUser\AppData\Local\Programs\MiKTeX 2.9\tex\xelatex\xepersian\fra
med-xepersian.def"
File: framed-xepersian.def 2012/06/05 v0.1 xepersian adaptations for framed pac
kage for XeTeX engine
)
("C:\Users\DearUser\AppData\Local\Programs\MiKTeX 2.9\tex\xelatex\xepersian\hyp
erref-xepersian.def"
File: hyperref-xepersian.def 2015/02/02 v0.6 bilingual captions for hyperref pa
ckage
)
("C:\Users\DearUser\AppData\Local\Programs\MiKTeX 2.9\tex\xelatex\xepersian\art
icle-xepersian.def"
File: article-xepersian.def 2010/07/25 v0.2 adaptations for standard article cl
ass
)

Package fontspec Info: Font family 'lmroman10-regular(0)' created for font
(fontspec)             'lmroman10-regular' with options
(fontspec)             [Mapping=tex-text,ExternalLocation,BoldFont={lmroman10-b
old},BoldItalicFont={lmroman10-bolditalic},ItalicFont={lmroman10-italic},SmallC
apsFont={lmromancaps10-regular},SlantedFont={lmromanslant10-regular},BoldSlante
dFont={lmromanslant10-bold}].
(fontspec)              
(fontspec)              This font family consists of the following NFSS
(fontspec)             series/shapes:
(fontspec)              
(fontspec)             - 'normal' (m/n) with NFSS spec.:
(fontspec)             <->"[lmroman10-regular]/OT:script=latn;language=DFLT;map
ping=tex-text;"
(fontspec)             - 'small caps'  (m/sc) with NFSS spec.:
(fontspec)             <->"[lmromancaps10-regular]/OT:script=latn;language=DFLT
;mapping=tex-text;"
(fontspec)             - 'bold' (bx/n) with NFSS spec.:
(fontspec)             <->"[lmroman10-bold]/OT:script=latn;language=DFLT;mappin
g=tex-text;"
(fontspec)             - 'bold small caps'  (bx/sc) with NFSS spec.:
(fontspec)             <->"[lmromancaps10-regular]/OT:script=latn;language=DFLT
;mapping=tex-text;"
(fontspec)             - 'italic' (m/it) with NFSS spec.:
(fontspec)             <->"[lmroman10-italic]/OT:script=latn;language=DFLT;mapp
ing=tex-text;"
(fontspec)             - 'italic small caps'  (m/itsc) with NFSS spec.:
(fontspec)             <->"[lmromancaps10-regular]/OT:script=latn;language=DFLT
;mapping=tex-text;"
(fontspec)             - 'slanted' (m/sl) with NFSS spec.:
(fontspec)             <->"[lmromanslant10-regular]/OT:script=latn;language=DFL
T;mapping=tex-text;"
(fontspec)             - 'slanted small caps'  (m/slsc) with NFSS spec.:
(fontspec)             <->"[lmromancaps10-regular]/OT:script=latn;language=DFLT
;mapping=tex-text;"
(fontspec)             - 'bold italic' (bx/it) with NFSS spec.:
(fontspec)             <->"[lmroman10-bolditalic]/OT:script=latn;language=DFLT;
mapping=tex-text;"
(fontspec)             - 'bold italic small caps'  (bx/itsc) with NFSS spec.:
(fontspec)             <->"[lmromancaps10-regular]/OT:script=latn;language=DFLT
;mapping=tex-text;"
(fontspec)             - 'bold slanted' (bx/sl) with NFSS spec.:
(fontspec)             <->"[lmromanslant10-bold]/OT:script=latn;language=DFLT;m
apping=tex-text;"
(fontspec)             - 'bold slanted small caps'  (bx/slsc) with NFSS spec.:
(fontspec)             <->"[lmromancaps10-regular]/OT:script=latn;language=DFLT
;mapping=tex-text;"

)
\mybox=\box56
\c@lemma=\count339
\c@definition=\count340
\c@proposition=\count341
\c@example=\count342
\c@remark=\count343
\c@question=\count344
\c@convention=\count345
\c@corollary=\count346
)
Package hyperref Info: Option `colorlinks' set `true' on input line 20.

Package fontspec Info: Font family 'XBZar(0)' created for font 'XB Zar' with
(fontspec)             options
(fontspec)             [Script=Persian,Mapping=persiandigits,Scale=1.1].
(fontspec)              
(fontspec)              This font family consists of the following NFSS
(fontspec)             series/shapes:
(fontspec)              
(fontspec)             - 'normal' (m/n) with NFSS spec.: <->s*[1.1]"XB
(fontspec)             Zar/OT:script=arab;language=DFLT;mapping=persiandigits;"

(fontspec)             - 'small caps'  (m/sc) with NFSS spec.: 
(fontspec)             - 'bold' (bx/n) with NFSS spec.: <->s*[1.1]"XB
(fontspec)             Zar/B/OT:script=arab;language=DFLT;mapping=persiandigits
;"
(fontspec)             - 'bold small caps'  (bx/sc) with NFSS spec.: 
(fontspec)             - 'italic' (m/it) with NFSS spec.: <->s*[1.1]"XB
(fontspec)             Zar/I/OT:script=arab;language=DFLT;mapping=persiandigits
;"
(fontspec)             - 'italic small caps'  (m/itsc) with NFSS spec.: 
(fontspec)             - 'bold italic' (bx/it) with NFSS spec.: <->s*[1.1]"XB
(fontspec)             Zar/BI/OT:script=arab;language=DFLT;mapping=persiandigit
s;"
(fontspec)             - 'bold italic small caps'  (bx/itsc) with NFSS spec.: 

LaTeX Font Info:    Font shape `TU/XBZar(0)/m/n' will be
(Font)              scaled to size 11.00006pt on input line 24.

Package fontspec Info: Font family 'LinuxLibertine(0)' created for font 'Linux
(fontspec)             Libertine' with options [Mapping=tex-text].
(fontspec)              
(fontspec)              This font family consists of the following NFSS
(fontspec)             series/shapes:
(fontspec)              
(fontspec)             - 'normal' (m/n) with NFSS spec.: <->"Linux
(fontspec)             Libertine/OT:script=latn;language=DFLT;mapping=tex-text;
"
(fontspec)             - 'small caps'  (m/sc) with NFSS spec.: <->"Linux
(fontspec)             Libertine/OT:script=latn;language=DFLT;+smcp;mapping=tex
-text;"
(fontspec)             - 'bold' (bx/n) with NFSS spec.: <->"Linux
(fontspec)             Libertine/B/OT:script=latn;language=DFLT;mapping=tex-tex
t;"
(fontspec)             - 'bold small caps'  (bx/sc) with NFSS spec.: <->"Linux
(fontspec)             Libertine/B/OT:script=latn;language=DFLT;+smcp;mapping=t
ex-text;"
(fontspec)             - 'italic' (m/it) with NFSS spec.: <->"Linux
(fontspec)             Libertine/I/OT:script=latn;language=DFLT;mapping=tex-tex
t;"
(fontspec)             - 'italic small caps'  (m/itsc) with NFSS spec.:
(fontspec)             <->"Linux
(fontspec)             Libertine/I/OT:script=latn;language=DFLT;+smcp;mapping=t
ex-text;"
(fontspec)             - 'bold italic' (bx/it) with NFSS spec.: <->"Linux
(fontspec)             Libertine/BI/OT:script=latn;language=DFLT;mapping=tex-te
xt;"
(fontspec)             - 'bold italic small caps'  (bx/itsc) with NFSS spec.:
(fontspec)             <->"Linux
(fontspec)             Libertine/BI/OT:script=latn;language=DFLT;+smcp;mapping=
tex-text;"

LaTeX Info: Redefining \latinfont on input line 26.
 (Net-PA.aux)
\openout1 = `Net-PA.aux'.

LaTeX Font Info:    Checking defaults for OML/cmm/m/it on input line 70.
LaTeX Font Info:    ... okay on input line 70.
LaTeX Font Info:    Checking defaults for T1/cmr/m/n on input line 70.
LaTeX Font Info:    ... okay on input line 70.
LaTeX Font Info:    Checking defaults for OT1/cmr/m/n on input line 70.
LaTeX Font Info:    ... okay on input line 70.
LaTeX Font Info:    Checking defaults for OMS/cmsy/m/n on input line 70.
LaTeX Font Info:    ... okay on input line 70.
LaTeX Font Info:    Checking defaults for TU/lmr/m/n on input line 70.
LaTeX Font Info:    ... okay on input line 70.
LaTeX Font Info:    Checking defaults for OMX/cmex/m/n on input line 70.
LaTeX Font Info:    ... okay on input line 70.
LaTeX Font Info:    Checking defaults for U/cmr/m/n on input line 70.
LaTeX Font Info:    ... okay on input line 70.
LaTeX Font Info:    Checking defaults for PD1/pdf/m/n on input line 70.
LaTeX Font Info:    ... okay on input line 70.
LaTeX Font Info:    Checking defaults for PU/pdf/m/n on input line 70.
LaTeX Font Info:    ... okay on input line 70.
\AtBeginShipoutBox=\box57
Package hyperref Info: Link coloring ON on input line 70.

("C:\Users\DearUser\AppData\Local\Programs\MiKTeX 2.9\tex\latex\hyperref\namere
f.sty"
Package: nameref 2016/05/21 v2.44 Cross-referencing by name of section

("C:\Users\DearUser\AppData\Local\Programs\MiKTeX 2.9\tex\generic\oberdiek\gett
itlestring.sty"
Package: gettitlestring 2016/05/16 v1.5 Cleanup title references (HO)
)
\c@section@level=\count347
)
LaTeX Info: Redefining \ref on input line 70.
LaTeX Info: Redefining \pageref on input line 70.
LaTeX Info: Redefining \nameref on input line 70.
 (Net-PA.out) (Net-PA.out)
\@outlinefile=\write4
\openout4 = `Net-PA.out'.


ABD: EveryShipout initializing macros
LaTeX Font Info:    Font shape `TU/XBZar(0)/bx/n' will be
(Font)              scaled to size 11.00006pt on input line 76.
File: sharif-logo.png Graphic file (type bmp)
<sharif-logo.png>
LaTeX Font Info:    Font shape `TU/XBZar(0)/m/n' will be
(Font)              scaled to size 15.84007pt on input line 76.
LaTeX Font Info:    Font shape `TU/XBZar(0)/m/it' will be
(Font)              scaled to size 11.00006pt on input line 76.
LaTeX Font Info:    Try loading font information for U+msa on input line 76.

("C:\Users\DearUser\AppData\Local\Programs\MiKTeX 2.9\tex\latex\amsfonts\umsa.f
d"
File: umsa.fd 2013/01/14 v3.01 AMS symbols A
)
LaTeX Font Info:    Try loading font information for U+msb on input line 76.

("C:\Users\DearUser\AppData\Local\Programs\MiKTeX 2.9\tex\latex\amsfonts\umsb.f
d"
File: umsb.fd 2013/01/14 v3.01 AMS symbols B
)
LaTeX Font Info:    Font shape `TU/XBZar(0)/bx/n' will be
(Font)              scaled to size 15.84007pt on input line 80.

("C:\Users\DearUser\AppData\Local\Programs\MiKTeX 2.9\tex\generic\oberdiek\se-a
scii-print.def"
File: se-ascii-print.def 2016/05/16 v1.11 stringenc: Printable ASCII characters

)
LaTeX Font Info:    Font shape `TU/XBZar(0)/m/n' will be
(Font)              scaled to size 13.20007pt on input line 101.
LaTeX Font Info:    Font shape `TU/XBZar(0)/bx/n' will be
(Font)              scaled to size 13.20007pt on input line 101.

Underfull \hbox (badness 10000) in paragraph at lines 102--109
[][]
 []

[1

]
Underfull \hbox (badness 10000) in paragraph at lines 113--116
[][]
 []

[2] [3]
File: Pic/RegisterRequest.png Graphic file (type bmp)
<Pic/RegisterRequest.png>

Underfull \hbox (badness 10000) in paragraph at lines 147--149
[][]
 []


Overfull \hbox (46.31134pt too wide) in paragraph at lines 147--149
[][][][] []
 []

File: Pic/RegisterResponse.png Graphic file (type bmp)
<Pic/RegisterResponse.png>

Underfull \hbox (badness 10000) in paragraph at lines 149--151
[][]
 []


Overfull \hbox (46.31134pt too wide) in paragraph at lines 149--151
[][][][] []
 []

File: Pic/AdvertiseRequest.png Graphic file (type bmp)
<Pic/AdvertiseRequest.png>

Underfull \hbox (badness 10000) in paragraph at lines 151--153
[][]
 []


Overfull \hbox (46.31134pt too wide) in paragraph at lines 151--153
[][][][] []
 []

File: Pic/AdvertiseResponse.png Graphic file (type bmp)
<Pic/AdvertiseResponse.png>

Underfull \hbox (badness 10000) in paragraph at lines 153--155
[][]
 []


Overfull \hbox (46.31134pt too wide) in paragraph at lines 153--155
[][][][] []
 []

File: Pic/Join.png Graphic file (type bmp)
<Pic/Join.png>

Underfull \hbox (badness 10000) in paragraph at lines 155--157
[][]
 []


Overfull \hbox (46.31134pt too wide) in paragraph at lines 155--157
[][][][] []
 []

[4]
File: Pic/Message.png Graphic file (type bmp)
<Pic/Message.png>

Underfull \hbox (badness 10000) in paragraph at lines 157--159
[][]
 []


Overfull \hbox (46.31134pt too wide) in paragraph at lines 157--159
[][][][] []
 []

File: Pic/ReunionHello.png Graphic file (type bmp)
<Pic/ReunionHello.png>

Underfull \hbox (badness 10000) in paragraph at lines 159--161
[][]
 []


Overfull \hbox (46.31134pt too wide) in paragraph at lines 159--161
[][][][] []
 []

[5]
File: Pic/ReunionHelloBack.png Graphic file (type bmp)
<Pic/ReunionHelloBack.png>

Underfull \hbox (badness 10000) in paragraph at lines 162--164
[][]
 []


Overfull \hbox (46.31134pt too wide) in paragraph at lines 162--164
[][][][] []
 []

[6]
File: Pic/UML1.png Graphic file (type bmp)
<Pic/UML1.png>
File: Pic/UML2.png Graphic file (type bmp)
<Pic/UML2.png>
 [7] [8] [9]
Package atveryend Info: Empty hook `BeforeClearDocument' on input line 207.
Package atveryend Info: Empty hook `AfterLastShipout' on input line 207.
 (Net-PA.aux)
Package atveryend Info: Empty hook `AtVeryEndDocument' on input line 207.
Package atveryend Info: Executing hook `AtEndAfterFileList' on input line 207.


Package rerunfilecheck Warning: File `Net-PA.out' has changed.
(rerunfilecheck)                Rerun to get outlines right
(rerunfilecheck)                or use package `bookmark'.

Package rerunfilecheck Info: Checksums for `Net-PA.out':
(rerunfilecheck)             Before: 48A2F0FC34E68BCC55885E6F9A0D3E9E
(rerunfilecheck)             After:  B354900D1A74722C05A1690998267298.
Package atveryend Info: Empty hook `AtVeryVeryEnd' on input line 207.
 ) 
Here is how much of TeX's memory you used:
 32114 strings out of 427796
 621363 string characters out of 3147232
 741485 words of memory out of 3000000
 35682 multiletter control sequences out of 15000+200000
 534857 words of font info for 62 fonts, out of 3000000 for 9000
 1328 hyphenation exceptions out of 8191
 62i,6n,71p,1102b,443s stack positions out of 5000i,500n,10000p,200000b,50000s

Output written on Net-PA.pdf (9 pages).
